<?xml version="1.0" encoding="UTF-8"?>
<!-- Generated by org.testng.reporters.JUnitReportReporter -->
<testsuite hostname="LAPTOP-LVGKT8ME" failures="0" tests="4" name="api.test.UserEndPoint_propertiesFile_Test" time="8.090" errors="0" timestamp="2023-03-21T15:01:08 IST" skipped="0">
  <testcase classname="api.test.UserEndPoint_propertiesFile_Test" name="testPostUser" time="3.303"/>
  <system-out/>
  <testcase classname="api.test.UserEndPoint_propertiesFile_Test" name="testGetUserByName" time="1.193"/>
  <system-out/>
  <testcase classname="api.test.UserEndPoint_propertiesFile_Test" name="testUpdateUserByName" time="2.430"/>
  <system-out/>
  <testcase classname="api.test.UserEndPoint_propertiesFile_Test" name="testDeleteUserByName" time="1.164"/>
  <system-out/>
</testsuite> <!-- api.test.UserEndPoint_propertiesFile_Test -->
