<?xml version="1.0" encoding="UTF-8"?>
<!-- Generated by org.testng.reporters.JUnitReportReporter -->
<testsuite hostname="LAPTOP-LVGKT8ME" failures="0" tests="4" name="api.test.UserTest" time="9.460" errors="0" timestamp="2023-03-20T20:58:02 IST" skipped="0">
  <testcase classname="api.test.UserTest" name="testPostUser" time="3.711"/>
  <system-out/>
  <testcase classname="api.test.UserTest" name="testGetUserByName" time="1.403"/>
  <system-out/>
  <testcase classname="api.test.UserTest" name="testUpdateUserByName" time="2.889"/>
  <system-out/>
  <testcase classname="api.test.UserTest" name="testDeleteUserByName" time="1.457"/>
  <system-out/>
</testsuite> <!-- api.test.UserTest -->
