<?xml version="1.0" encoding="UTF-8"?>
<!-- Generated by org.testng.reporters.JUnitReportReporter -->
<testsuite skipped="0" hostname="LAPTOP-LVGKT8ME" name="api.test.UserEndPoint_propertiesFile_Test" tests="4" failures="0" timestamp="2023-03-23T14:26:07 IST" time="10.088" errors="0">
  <testcase name="testPostUser" time="4.568" classname="api.test.UserEndPoint_propertiesFile_Test"/>
  <system-out/>
  <testcase name="testGetUserByName" time="1.225" classname="api.test.UserEndPoint_propertiesFile_Test"/>
  <system-out/>
  <testcase name="testUpdateUserByName" time="2.831" classname="api.test.UserEndPoint_propertiesFile_Test"/>
  <system-out/>
  <testcase name="testDeleteUserByName" time="1.464" classname="api.test.UserEndPoint_propertiesFile_Test"/>
  <system-out/>
</testsuite> <!-- api.test.UserEndPoint_propertiesFile_Test -->
