<?xml version="1.0" encoding="UTF-8"?>
<!-- Generated by org.testng.reporters.JUnitReportReporter -->
<testsuite skipped="0" hostname="LAPTOP-LVGKT8ME" name="api.test.UserTest" tests="4" failures="0" timestamp="2023-03-23T14:26:07 IST" time="6.691" errors="0">
  <testcase name="testPostUser" time="1.530" classname="api.test.UserTest"/>
  <system-out/>
  <testcase name="testGetUserByName" time="1.171" classname="api.test.UserTest"/>
  <system-out/>
  <testcase name="testUpdateUserByName" time="2.691" classname="api.test.UserTest"/>
  <system-out/>
  <testcase name="testDeleteUserByName" time="1.299" classname="api.test.UserTest"/>
  <system-out/>
</testsuite> <!-- api.test.UserTest -->
